<?xml version="1.0" encoding="UTF-8"?>
<testsuite name="FizzBuzzTest" tests="2" skipped="0" failures="0" errors="0" timestamp="2021-06-10T08:57:18" hostname="DESKTOP-1J6HPMQ" time="0.018">
  <properties/>
  <testcase name="number 3 should return fizz()" classname="FizzBuzzTest" time="0.016"/>
  <testcase name="normal number should return original number()" classname="FizzBuzzTest" time="0.001"/>
  <system-out><![CDATA[]]></system-out>
  <system-err><![CDATA[]]></system-err>
</testsuite>
