<?xml version="1.0" encoding="UTF-8"?>
<testsuite name="FizzBuzzTest" tests="4" skipped="0" failures="0" errors="0" timestamp="2021-06-10T09:08:13" hostname="DESKTOP-1J6HPMQ" time="0.019">
  <properties/>
  <testcase name="number 5 should return buzz()" classname="FizzBuzzTest" time="0.016"/>
  <testcase name="number 15 should return fizzbuzz()" classname="FizzBuzzTest" time="0.0"/>
  <testcase name="number 3 should return fizz()" classname="FizzBuzzTest" time="0.001"/>
  <testcase name="normal number should return original number()" classname="FizzBuzzTest" time="0.001"/>
  <system-out><![CDATA[]]></system-out>
  <system-err><![CDATA[]]></system-err>
</testsuite>
